<?xml version="1.0" encoding="UTF-8"?>
<!-- Generated by org.testng.reporters.JUnitReportReporter -->
<testsuite hostname="LAPTOP-0TH2U9N4" failures="0" tests="2" name="com.crm.qa.testcases.HomePageTest" time="24.789" errors="0" timestamp="2024-07-04T13:17:28 IST" skipped="0">
  <testcase classname="com.crm.qa.testcases.HomePageTest" name="verifyHomePageTitleTest" time="12.404"/>
  <testcase classname="com.crm.qa.testcases.HomePageTest" name="verifyUserNameTest" time="12.385"/>
</testsuite> <!-- com.crm.qa.testcases.HomePageTest -->
