<?xml version="1.0" encoding="UTF-8"?>
<!-- Generated by org.testng.reporters.JUnitReportReporter -->
<testsuite hostname="LAPTOP-0TH2U9N4" failures="0" tests="4" name="com.crm.qa.testcases.DealsPageTest" time="89.512" errors="0" timestamp="2024-07-04T13:17:28 IST" skipped="0">
  <testcase classname="com.crm.qa.testcases.DealsPageTest" name="validateCustServiceLableTest" time="14.286"/>
  <testcase classname="com.crm.qa.testcases.DealsPageTest" name="createNewReqstTest" time="25.398"/>
  <testcase classname="com.crm.qa.testcases.DealsPageTest" name="createNewReqstTest" time="24.449"/>
  <testcase classname="com.crm.qa.testcases.DealsPageTest" name="createNewReqstTest" time="25.379"/>
</testsuite> <!-- com.crm.qa.testcases.DealsPageTest -->
