<?xml version="1.0" encoding="UTF-8"?>
<!-- Generated by org.testng.reporters.JUnitReportReporter -->
<testsuite hostname="LAPTOP-0TH2U9N4" failures="0" tests="2" name="com.crm.qa.testcases.ContactsPageTest" time="81.365" errors="0" timestamp="2024-07-04T13:17:28 IST" skipped="0">
  <testcase classname="com.crm.qa.testcases.ContactsPageTest" name="verifyContactsPageLable" time="14.911"/>
  <testcase classname="com.crm.qa.testcases.ContactsPageTest" name="printWorkItemsNums" time="66.454"/>
</testsuite> <!-- com.crm.qa.testcases.ContactsPageTest -->
