<?xml version="1.0" encoding="UTF-8"?>
<!-- Generated by org.testng.reporters.JUnitReportReporter -->
<testsuite hostname="LAPTOP-0TH2U9N4" failures="0" tests="3" name="com.crm.qa.testcases.LoginPageTest" time="12.295" errors="0" timestamp="2024-07-04T13:17:28 IST" skipped="0">
  <testcase classname="com.crm.qa.testcases.LoginPageTest" name="loginPageTitleTest" time="2.330"/>
  <testcase classname="com.crm.qa.testcases.LoginPageTest" name="acmeHeaderTest" time="2.830"/>
  <testcase classname="com.crm.qa.testcases.LoginPageTest" name="loginTest" time="7.135"/>
</testsuite> <!-- com.crm.qa.testcases.LoginPageTest -->
